Traceback (most recent call last):
  File "/Users/narizuka/.pyenv/versions/miniforge3-4.10.3-10/envs/myenv/lib/python3.9/site-packages/jupyter_cache/executors/utils.py", line 51, in single_nb_execution
    executenb(
  File "/Users/narizuka/.pyenv/versions/miniforge3-4.10.3-10/envs/myenv/lib/python3.9/site-packages/nbclient/client.py", line 1204, in execute
    return NotebookClient(nb=nb, resources=resources, km=km, **kwargs).execute()
  File "/Users/narizuka/.pyenv/versions/miniforge3-4.10.3-10/envs/myenv/lib/python3.9/site-packages/nbclient/util.py", line 84, in wrapped
    return just_run(coro(*args, **kwargs))
  File "/Users/narizuka/.pyenv/versions/miniforge3-4.10.3-10/envs/myenv/lib/python3.9/site-packages/nbclient/util.py", line 62, in just_run
    return loop.run_until_complete(coro)
  File "/Users/narizuka/.pyenv/versions/miniforge3-4.10.3-10/envs/myenv/lib/python3.9/asyncio/base_events.py", line 647, in run_until_complete
    return future.result()
  File "/Users/narizuka/.pyenv/versions/miniforge3-4.10.3-10/envs/myenv/lib/python3.9/site-packages/nbclient/client.py", line 663, in async_execute
    await self.async_execute_cell(
  File "/Users/narizuka/.pyenv/versions/miniforge3-4.10.3-10/envs/myenv/lib/python3.9/site-packages/nbclient/client.py", line 965, in async_execute_cell
    await self._check_raise_for_error(cell, cell_index, exec_reply)
  File "/Users/narizuka/.pyenv/versions/miniforge3-4.10.3-10/envs/myenv/lib/python3.9/site-packages/nbclient/client.py", line 862, in _check_raise_for_error
    raise CellExecutionError.from_cell_and_msg(cell, exec_reply_content)
nbclient.exceptions.CellExecutionError: An error occurred while executing the following cell:
------------------
# ã‚«ãƒ¬ãƒ³ãƒˆãƒ‡ã‚£ãƒ¬ã‚¯ãƒˆãƒªã®å¤‰æ›´ï¼ˆè‡ªåˆ†ã®ä½œæ¥­ãƒ•ã‚©ãƒ«ãƒ€ã®ãƒ‘ã‚¹ã‚’è¨­å®šï¼‰
os.chdir('/Users/narizuka/GoogleDrive/My Drive/document/è¬›ç¾©/ç«‹æ­£/æƒ…å ±å‡¦ç†ã®å¿œç”¨/')
# os.chdir("G:\\ãƒã‚¤ãƒ‰ãƒ©ã‚¤ãƒ–\\document\\è¬›ç¾©\\ç«‹æ­£\\æƒ…å ±å‡¦ç†ã®å¿œç”¨")
------------------

[0;31m---------------------------------------------------------------------------[0m
[0;31mFileNotFoundError[0m                         Traceback (most recent call last)
Input [0;32mIn [1][0m, in [0;36m<cell line: 2>[0;34m()[0m
[1;32m      1[0m [38;5;66;03m# ã‚«ãƒ¬ãƒ³ãƒˆãƒ‡ã‚£ãƒ¬ã‚¯ãƒˆãƒªã®å¤‰æ›´ï¼ˆè‡ªåˆ†ã®ä½œæ¥­ãƒ•ã‚©ãƒ«ãƒ€ã®ãƒ‘ã‚¹ã‚’è¨­å®šï¼‰[39;00m
[0;32m----> 2[0m [43mos[49m[38;5;241;43m.[39;49m[43mchdir[49m[43m([49m[38;5;124;43m'[39;49m[38;5;124;43m/Users/narizuka/GoogleDrive/My Drive/document/è¬›ç¾©/ç«‹æ­£/æƒ…å ±å‡¦ç†ã®å¿œç”¨/[39;49m[38;5;124;43m'[39;49m[43m)[49m

[0;31mFileNotFoundError[0m: [Errno 2] No such file or directory: '/Users/narizuka/GoogleDrive/My Drive/document/è¬›ç¾©/ç«‹æ­£/æƒ…å ±å‡¦ç†ã®å¿œç”¨/'
FileNotFoundError: [Errno 2] No such file or directory: '/Users/narizuka/GoogleDrive/My Drive/document/è¬›ç¾©/ç«‹æ­£/æƒ…å ±å‡¦ç†ã®å¿œç”¨/'

